  Generating .ms2 files

  Generating .ms2 files

  Generating .ms2 files

  now = 2021-11-23 16:54:54.970517
  Decoy spectral library is being created
  Generating .ms2 files

  now = 2021-11-23 16:55:23.501657
  Decoy spectral library is being created
  Generating .ms2 files

  now = 2021-11-23 16:56:37.456158
  Decoy spectral library is being created
  Generating .ms2 files

  now = 2021-11-23 16:57:32.219411
  Decoy spectral library is being created
  Generating .ms2 files

  now = 2021-11-23 16:57:44.541034
  Decoy spectral library is being created
  Generating .ms2 files

  now = 2021-11-23 16:58:01.085062
  Decoy spectral library is being created
  Generating .ms2 files

  now = 2021-11-23 16:58:10.395793
  Decoy spectral library is being created
  Generating .ms2 files

  now = 2021-11-23 16:58:30.613245
  Decoy spectral library is being created
  Generating .ms2 files

  now = 2021-11-23 16:59:05.073497
  Decoy spectral library is being created
  Generating .ms2 files

  now = 2021-11-23 16:59:36.792530
  Decoy spectral library is being created
  Generating .ms2 files

  now = 2021-11-23 16:59:50.037089
  Decoy spectral library is being created
  Generating .ms2 files

  now = 2021-11-23 17:00:23.771184
  Decoy spectral library is being created
  Generating .ms2 files

  now = 2021-11-30 11:45:01.288530
  Decoy spectral library is being created
  Generating .ms2 files

  now = 2021-11-30 11:45:53.432833
  Decoy spectral library is being created
  Generating .ms2 files

  now = 2021-11-30 22:54:23.053036
  Decoy spectral library is being created
  Generating .ms2 files

  now = 2021-11-30 22:55:32.386242
  Decoy spectral library is being created
  Generating .ms2 files

  now = 2021-11-30 22:56:08.619996
  Decoy spectral library is being created
  Done ...

  Generating .ms2 files

  now = 2021-12-01 05:41:56.025705
  Decoy spectral library is being created
  Generating .ms2 files

  now = 2021-12-01 05:43:20.536490
  Decoy spectral library is being created
  Generating .ms2 files

  now = 2021-12-01 05:44:17.552511
  Decoy spectral library is being created
  Done ...

  Generating .ms2 files

  now = 2021-12-01 06:10:40.298701
  Decoy spectral library is being created
  Generating .ms2 files

  now = 2021-12-01 06:11:25.326364
  Decoy spectral library is being created
  Generating .ms2 files

  now = 2021-12-01 06:11:47.548584
  Decoy spectral library is being created
  Generating .ms2 files

  now = 2021-12-01 11:13:44.385078
  Decoy spectral library is being created
  Generating .ms2 files

  now = 2021-12-01 11:36:10.528104
  Decoy spectral library dictionary is being created
  Generating .ms2 files

  now = 2021-12-01 11:37:19.873582
  Decoy spectral library dictionary is being created
  Generating .ms2 files

  now = 2021-12-01 11:51:19.648095
  Decoy spectral library dictionary is being created
  Generating .ms2 files

  now = 2021-12-01 11:53:21.893340
  Decoy spectral library is being created
  Generating .ms2 files

  now = 2021-12-01 11:53:38.215586
  Decoy spectral library is being created
  Generating .ms2 files

  now = 2021-12-01 11:55:07.394838
  Decoy spectral library is being created
  Generating .ms2 files

  now = 2021-12-01 11:56:08.078932
  Decoy spectral library is being created
  Generating .ms2 files

  now = 2021-12-01 11:57:42.316697
  Decoy spectral library is being created
  Generating .ms2 files

  now = 2021-12-01 12:27:32.508837
  Decoy spectral library is being created
